<html>
<head>
<title>TestNG:  Test</title>
<link href="../testng.css" rel="stylesheet" type="text/css" />
<link href="../my-testng.css" rel="stylesheet" type="text/css" />

<style type="text/css">
.log { display: none;} 
.stack-trace { display: none;} 
</style>
<script type="text/javascript">
<!--
function flip(e) {
  current = e.style.display;
  if (current == 'block') {
    e.style.display = 'none';
    return 0;
  }
  else {
    e.style.display = 'block';
    return 1;
  }
}

function toggleBox(szDivId, elem, msg1, msg2)
{
  var res = -1;  if (document.getElementById) {
    res = flip(document.getElementById(szDivId));
  }
  else if (document.all) {
    // this is the way old msie versions work
    res = flip(document.all[szDivId]);
  }
  if(elem) {
    if(res == 0) elem.innerHTML = msg1; else elem.innerHTML = msg2;
  }

}

function toggleAllBoxes() {
  if (document.getElementsByTagName) {
    d = document.getElementsByTagName('div');
    for (i = 0; i < d.length; i++) {
      if (d[i].className == 'log') {
        flip(d[i]);
      }
    }
  }
}

// -->
</script>

</head>
<body>
<h2 align='center'>Test</h2><table border='1' align="center">
<tr>
<td>Tests passed/Failed/Skipped:</td><td>8/1/0</td>
</tr><tr>
<td>Started on:</td><td>Mon Feb 12 18:27:23 IST 2018</td>
</tr>
<tr><td>Total time:</td><td>562 seconds (562774 ms)</td>
</tr><tr>
<td>Included groups:</td><td></td>
</tr><tr>
<td>Excluded groups:</td><td></td>
</tr>
</table><p/>
<small><i>(Hover the method name to see the test class name)</i></small><p/>
<table width='100%' border='1' class='invocation-failed'>
<tr><td colspan='4' align='center'><b>FAILED TESTS</b></td></tr>
<tr><td><b>Test method</b></td>
<td width="30%"><b>Exception</b></td>
<td width="10%"><b>Time (seconds)</b></td>
<td><b>Instance</b></td>
</tr>
<tr>
<td title='TestCases.Create_Reverse_PO_with_Partial_Closed_Test.To_Verify_Create_RPO_with_Partial_Status()'><b>To_Verify_Create_RPO_with_Partial_Status</b><br>Test class: TestCases.Create_Reverse_PO_with_Partial_Closed_Test<br>Parameters: 5, 3, DS3589, DS3588, DS3587, DS3586, DS3585, DS3584, DS3513, s568, s569, s570, s571, s572</td>
<td><div><pre>org.openqa.selenium.TimeoutException: Expected condition failed: waiting for element to be clickable: [[ChromeDriver: chrome on XP (e2c70d0667104dc04fba5ebf76b81bb9)] -&gt; xpath: //div[@id=&apos;po_serial_number&apos;]//button[contains(text(),&apos;Save&apos;)]] (tried for 30 second(s) with 500 MILLISECONDS interval)
Build info: version: &apos;3.5.3&apos;, revision: &apos;a88d25fe6b&apos;, time: &apos;2017-08-29T12:42:44.417Z&apos;
System info: host: &apos;KT-GOPAL&apos;, ip: &apos;192.168.56.1&apos;, os.name: &apos;Windows 10&apos;, os.arch: &apos;amd64&apos;, os.version: &apos;10.0&apos;, java.version: &apos;1.8.0_151&apos;
Driver info: org.openqa.selenium.chrome.ChromeDriver
Capabilities [{mobileEmulationEnabled=false, hasTouchScreen=false, platform=XP, acceptSslCerts=true, webStorageEnabled=true, browserName=chrome, takesScreenshot=true, javascriptEnabled=true, platformName=XP, setWindowRect=true, unexpectedAlertBehaviour=, applicationCacheEnabled=false, rotatable=false, networkConnectionEnabled=false, chrome={chromedriverVersion=2.34.522940 (1a76f96f66e3ca7b8e57d503b4dd3bccfba87af1), userDataDir=C:\Users\kt-gopal\AppData\Local\Temp\scoped_dir10972_32316}, takesHeapSnapshot=true, pageLoadStrategy=normal, unhandledPromptBehavior=, databaseEnabled=false, handlesAlerts=true, version=63.0.3239.132, browserConnectionEnabled=false, nativeEvents=true, locationContextEnabled=true, cssSelectorsEnabled=true}]
Session ID: e2c70d0667104dc04fba5ebf76b81bb9
	at org.openqa.selenium.support.ui.WebDriverWait.timeoutException(WebDriverWait.java:80)
	at org.openqa.selenium.support.ui.FluentWait.until(FluentWait.java:232)
	at TestBase.TestBase.waitUntilElementClickable(TestBase.java:75)
	at Pages.Reverse_PO_Page.Create_PO_Partial(Reverse_PO_Page.java:415)
	at TestCases.Create_Reverse_PO_with_Partial_Closed_Test.To_Verify_Create_RPO_with_Partial_Status(Create_Reverse_PO_with_Partial_Closed_Test.java:90)
	at java.util.concurrent.ThreadPoolExecutor.runWorker(Unknown Source)
	at java.util.concurrent.ThreadPoolExecutor$Worker.run(Unknown Source)
	at java.lang.Thread.run(Unknown Source)
... Removed 10 stack frames</pre></div><a href='#' onClick='toggleBox("stack-trace413376180", this, "Click to show all stack frames", "Click to hide stack frames")'>Click to show all stack frames</a>
<div class='stack-trace' id='stack-trace413376180'><pre>org.openqa.selenium.TimeoutException: Expected condition failed: waiting for element to be clickable: [[ChromeDriver: chrome on XP (e2c70d0667104dc04fba5ebf76b81bb9)] -&gt; xpath: //div[@id=&apos;po_serial_number&apos;]//button[contains(text(),&apos;Save&apos;)]] (tried for 30 second(s) with 500 MILLISECONDS interval)
Build info: version: &apos;3.5.3&apos;, revision: &apos;a88d25fe6b&apos;, time: &apos;2017-08-29T12:42:44.417Z&apos;
System info: host: &apos;KT-GOPAL&apos;, ip: &apos;192.168.56.1&apos;, os.name: &apos;Windows 10&apos;, os.arch: &apos;amd64&apos;, os.version: &apos;10.0&apos;, java.version: &apos;1.8.0_151&apos;
Driver info: org.openqa.selenium.chrome.ChromeDriver
Capabilities [{mobileEmulationEnabled=false, hasTouchScreen=false, platform=XP, acceptSslCerts=true, webStorageEnabled=true, browserName=chrome, takesScreenshot=true, javascriptEnabled=true, platformName=XP, setWindowRect=true, unexpectedAlertBehaviour=, applicationCacheEnabled=false, rotatable=false, networkConnectionEnabled=false, chrome={chromedriverVersion=2.34.522940 (1a76f96f66e3ca7b8e57d503b4dd3bccfba87af1), userDataDir=C:\Users\kt-gopal\AppData\Local\Temp\scoped_dir10972_32316}, takesHeapSnapshot=true, pageLoadStrategy=normal, unhandledPromptBehavior=, databaseEnabled=false, handlesAlerts=true, version=63.0.3239.132, browserConnectionEnabled=false, nativeEvents=true, locationContextEnabled=true, cssSelectorsEnabled=true}]
Session ID: e2c70d0667104dc04fba5ebf76b81bb9
	at org.openqa.selenium.support.ui.WebDriverWait.timeoutException(WebDriverWait.java:80)
	at org.openqa.selenium.support.ui.FluentWait.until(FluentWait.java:232)
	at TestBase.TestBase.waitUntilElementClickable(TestBase.java:75)
	at Pages.Reverse_PO_Page.Create_PO_Partial(Reverse_PO_Page.java:415)
	at TestCases.Create_Reverse_PO_with_Partial_Closed_Test.To_Verify_Create_RPO_with_Partial_Status(Create_Reverse_PO_with_Partial_Closed_Test.java:90)
	at sun.reflect.NativeMethodAccessorImpl.invoke0(Native Method)
	at sun.reflect.NativeMethodAccessorImpl.invoke(Unknown Source)
	at sun.reflect.DelegatingMethodAccessorImpl.invoke(Unknown Source)
	at java.lang.reflect.Method.invoke(Unknown Source)
	at org.testng.internal.MethodInvocationHelper.invokeMethod(MethodInvocationHelper.java:108)
	at org.testng.internal.Invoker.invokeMethod(Invoker.java:661)
	at org.testng.internal.Invoker.invokeTestMethod(Invoker.java:869)
	at org.testng.internal.Invoker.invokeTestMethods(Invoker.java:1193)
	at org.testng.internal.TestMethodWorker.invokeTestMethods(TestMethodWorker.java:126)
	at org.testng.internal.TestMethodWorker.run(TestMethodWorker.java:109)
	at java.util.concurrent.ThreadPoolExecutor.runWorker(Unknown Source)
	at java.util.concurrent.ThreadPoolExecutor$Worker.run(Unknown Source)
	at java.lang.Thread.run(Unknown Source)
</pre></div></td>
<td>87</td>
<td>TestCases.Create_Reverse_PO_with_Partial_Closed_Test@6fd02e5</td></tr>
</table><p>
<table width='100%' border='1' class='invocation-passed'>
<tr><td colspan='4' align='center'><b>PASSED TESTS</b></td></tr>
<tr><td><b>Test method</b></td>
<td width="30%"><b>Exception</b></td>
<td width="10%"><b>Time (seconds)</b></td>
<td><b>Instance</b></td>
</tr>
<tr>
<td title='TestCases.Manage_Purchase_Orders_Partial_Status_Test.To_Verify_PO_Partial_Status_AND_LOGs()'><b>To_Verify_PO_Partial_Status_AND_LOGs</b><br>Test class: TestCases.Manage_Purchase_Orders_Partial_Status_Test</td>
<td></td>
<td>25</td>
<td>TestCases.Manage_Purchase_Orders_Partial_Status_Test@5bcab519</td></tr>
<tr>
<td title='TestCases.Product_Page_Test_For_Reverse_PO_Product.test()'><b>test</b><br>Test class: TestCases.Product_Page_Test_For_Reverse_PO_Product<br>Parameters: DS3589</td>
<td></td>
<td>23</td>
<td>TestCases.Product_Page_Test_For_Reverse_PO_Product@e45f292</td></tr>
<tr>
<td title='TestCases.Product_Page_Test_For_Reverse_PO_Product.test()'><b>test</b><br>Test class: TestCases.Product_Page_Test_For_Reverse_PO_Product<br>Parameters: DS3588</td>
<td></td>
<td>26</td>
<td>TestCases.Product_Page_Test_For_Reverse_PO_Product@e45f292</td></tr>
<tr>
<td title='TestCases.Product_Page_Test_For_Reverse_PO_Product.test()'><b>test</b><br>Test class: TestCases.Product_Page_Test_For_Reverse_PO_Product<br>Parameters: DS3587</td>
<td></td>
<td>20</td>
<td>TestCases.Product_Page_Test_For_Reverse_PO_Product@e45f292</td></tr>
<tr>
<td title='TestCases.Product_Page_Test_For_Reverse_PO_Product.test()'><b>test</b><br>Test class: TestCases.Product_Page_Test_For_Reverse_PO_Product<br>Parameters: DS3586</td>
<td></td>
<td>17</td>
<td>TestCases.Product_Page_Test_For_Reverse_PO_Product@e45f292</td></tr>
<tr>
<td title='TestCases.Product_Page_Test_For_Reverse_PO_Product.test()'><b>test</b><br>Test class: TestCases.Product_Page_Test_For_Reverse_PO_Product<br>Parameters: DS3585</td>
<td></td>
<td>20</td>
<td>TestCases.Product_Page_Test_For_Reverse_PO_Product@e45f292</td></tr>
<tr>
<td title='TestCases.Product_Page_Test_For_Reverse_PO_Product.test()'><b>test</b><br>Test class: TestCases.Product_Page_Test_For_Reverse_PO_Product<br>Parameters: DS3584</td>
<td></td>
<td>21</td>
<td>TestCases.Product_Page_Test_For_Reverse_PO_Product@e45f292</td></tr>
<tr>
<td title='TestCases.Product_Page_Test_For_Reverse_PO_Product.test()'><b>test</b><br>Test class: TestCases.Product_Page_Test_For_Reverse_PO_Product<br>Parameters: DS3513</td>
<td></td>
<td>19</td>
<td>TestCases.Product_Page_Test_For_Reverse_PO_Product@e45f292</td></tr>
</table><p>
</body>
</html>