<?xml version="1.0" encoding="UTF-8"?>
<!-- Generated by org.testng.reporters.JUnitXMLReporter -->
<testsuite hostname="KT-Gopal" ignored="0" name="Test" tests="9" failures="1" timestamp="12 Feb 2018 13:06:45 GMT" time="562.774" errors="0">
  <testcase name="To_Verify_Create_RPO_with_Partial_Status" time="87.875" classname="TestCases.Create_Reverse_PO_with_Partial_Closed_Test">
    <failure type="org.openqa.selenium.TimeoutException" message="Expected condition failed: waiting for element to be clickable: [[ChromeDriver: chrome on XP (e2c70d0667104dc04fba5ebf76b81bb9)] -&amp;gt; xpath: //div[@id=&amp;apos;po_serial_number&amp;apos;]//button[contains(text(),&amp;apos;Save&amp;apos;)]] (tried for 30 second(s) with 500 MILLISECONDS interval)
Build info: version: &amp;apos;3.5.3&amp;apos;, revision: &amp;apos;a88d25fe6b&amp;apos;, time: &amp;apos;2017-08-29T12:42:44.417Z&amp;apos;
System info: host: &amp;apos;KT-GOPAL&amp;apos;, ip: &amp;apos;192.168.56.1&amp;apos;, os.name: &amp;apos;Windows 10&amp;apos;, os.arch: &amp;apos;amd64&amp;apos;, os.version: &amp;apos;10.0&amp;apos;, java.version: &amp;apos;1.8.0_151&amp;apos;
Driver info: org.openqa.selenium.chrome.ChromeDriver
Capabilities [{mobileEmulationEnabled=false, hasTouchScreen=false, platform=XP, acceptSslCerts=true, webStorageEnabled=true, browserName=chrome, takesScreenshot=true, javascriptEnabled=true, platformName=XP, setWindowRect=true, unexpectedAlertBehaviour=, applicationCacheEnabled=false, rotatable=false, networkConnectionEnabled=false, chrome={chromedriverVersion=2.34.522940 (1a76f96f66e3ca7b8e57d503b4dd3bccfba87af1), userDataDir=C:\Users\kt-gopal\AppData\Local\Temp\scoped_dir10972_32316}, takesHeapSnapshot=true, pageLoadStrategy=normal, unhandledPromptBehavior=, databaseEnabled=false, handlesAlerts=true, version=63.0.3239.132, browserConnectionEnabled=false, nativeEvents=true, locationContextEnabled=true, cssSelectorsEnabled=true}]
Session ID: e2c70d0667104dc04fba5ebf76b81bb9">
      <![CDATA[org.openqa.selenium.TimeoutException: Expected condition failed: waiting for element to be clickable: [[ChromeDriver: chrome on XP (e2c70d0667104dc04fba5ebf76b81bb9)] -> xpath: //div[@id='po_serial_number']//button[contains(text(),'Save')]] (tried for 30 second(s) with 500 MILLISECONDS interval)
Build info: version: '3.5.3', revision: 'a88d25fe6b', time: '2017-08-29T12:42:44.417Z'
System info: host: 'KT-GOPAL', ip: '192.168.56.1', os.name: 'Windows 10', os.arch: 'amd64', os.version: '10.0', java.version: '1.8.0_151'
Driver info: org.openqa.selenium.chrome.ChromeDriver
Capabilities [{mobileEmulationEnabled=false, hasTouchScreen=false, platform=XP, acceptSslCerts=true, webStorageEnabled=true, browserName=chrome, takesScreenshot=true, javascriptEnabled=true, platformName=XP, setWindowRect=true, unexpectedAlertBehaviour=, applicationCacheEnabled=false, rotatable=false, networkConnectionEnabled=false, chrome={chromedriverVersion=2.34.522940 (1a76f96f66e3ca7b8e57d503b4dd3bccfba87af1), userDataDir=C:\Users\kt-gopal\AppData\Local\Temp\scoped_dir10972_32316}, takesHeapSnapshot=true, pageLoadStrategy=normal, unhandledPromptBehavior=, databaseEnabled=false, handlesAlerts=true, version=63.0.3239.132, browserConnectionEnabled=false, nativeEvents=true, locationContextEnabled=true, cssSelectorsEnabled=true}]
Session ID: e2c70d0667104dc04fba5ebf76b81bb9
	at org.openqa.selenium.support.ui.WebDriverWait.timeoutException(WebDriverWait.java:80)
	at org.openqa.selenium.support.ui.FluentWait.until(FluentWait.java:232)
	at TestBase.TestBase.waitUntilElementClickable(TestBase.java:75)
	at Pages.Reverse_PO_Page.Create_PO_Partial(Reverse_PO_Page.java:415)
	at TestCases.Create_Reverse_PO_with_Partial_Closed_Test.To_Verify_Create_RPO_with_Partial_Status(Create_Reverse_PO_with_Partial_Closed_Test.java:90)
	at java.util.concurrent.ThreadPoolExecutor.runWorker(Unknown Source)
	at java.util.concurrent.ThreadPoolExecutor$Worker.run(Unknown Source)
	at java.lang.Thread.run(Unknown Source)
... Removed 10 stack frames]]>
    </failure>
  </testcase> <!-- To_Verify_Create_RPO_with_Partial_Status -->
  <testcase name="To_Verify_PO_Partial_Status_AND_LOGs" time="25.555" classname="TestCases.Manage_Purchase_Orders_Partial_Status_Test"/>
  <testcase name="test" time="23.529" classname="TestCases.Product_Page_Test_For_Reverse_PO_Product"/>
  <testcase name="test" time="26.119" classname="TestCases.Product_Page_Test_For_Reverse_PO_Product"/>
  <testcase name="test" time="20.944" classname="TestCases.Product_Page_Test_For_Reverse_PO_Product"/>
  <testcase name="test" time="17.16" classname="TestCases.Product_Page_Test_For_Reverse_PO_Product"/>
  <testcase name="test" time="20.725" classname="TestCases.Product_Page_Test_For_Reverse_PO_Product"/>
  <testcase name="test" time="21.772" classname="TestCases.Product_Page_Test_For_Reverse_PO_Product"/>
  <testcase name="test" time="19.675" classname="TestCases.Product_Page_Test_For_Reverse_PO_Product"/>
</testsuite> <!-- Test -->
